INFO: 2024/12/14 09:00:07 菜品列表查询成功
ERROR: 2024/12/14 09:00:27 邮箱或密码错误
ERROR: 2024/12/14 09:00:35 邮箱或密码错误
ERROR: 2024/12/14 09:00:40 邮箱或密码错误
ERROR: 2024/12/14 09:00:40 邮箱或密码错误
ERROR: 2024/12/14 09:00:50 邮箱或密码错误
ERROR: 2024/12/14 09:01:14 邮箱或密码错误
INFO: 2024/12/14 09:02:01 管理员 admin 登录成功
INFO: 2024/12/14 09:04:33 管理员 admin 登录成功
ERROR: 2024/12/14 09:04:38 邮箱或密码错误
INFO: 2024/12/14 09:04:53 管理员 admin 登录成功
INFO: 2024/12/14 09:04:59 管理员获取用户列表成功
INFO: 2024/12/14 09:05:25 管理员对 用户ID 1 初始化密码成功
INFO: 2024/12/14 09:05:34 管理员获取用户列表成功
INFO: 2024/12/14 09:05:36 管理员获取用户列表成功
INFO: 2024/12/14 09:05:49 管理员登出成功
ERROR: 2024/12/14 09:05:57 邮箱或密码错误
ERROR: 2024/12/14 09:06:11 邮箱或密码错误
INFO: 2024/12/14 09:06:56 用户ID 1 登录成功
INFO: 2024/12/14 09:07:09 用户ID 1 登录成功
INFO: 2024/12/14 09:07:09 用户ID 1 查询个人信息成功
INFO: 2024/12/14 09:07:11 菜品列表查询成功
ERROR: 2024/12/14 09:07:11 暂无待接订单
ERROR: 2024/12/14 09:07:11 暂无待接订单
ERROR: 2024/12/14 09:07:19 暂无待接订单
ERROR: 2024/12/14 09:07:20 暂无待接订单
ERROR: 2024/12/14 09:07:24 暂无待接订单
ERROR: 2024/12/14 09:07:33 暂无待接订单
INFO: 2024/12/14 09:07:49 用户ID 1 登录成功
ERROR: 2024/12/14 09:07:54 暂无待接订单
ERROR: 2024/12/14 09:08:06 无权限
ERROR: 2024/12/14 09:08:08 无权限
ERROR: 2024/12/14 09:08:11 无权限
ERROR: 2024/12/14 09:08:12 无权限
ERROR: 2024/12/14 09:08:13 无权限
INFO: 2024/12/14 09:09:57 登出成功
ERROR: 2024/12/14 09:10:08 邮箱或密码错误
ERROR: 2024/12/14 09:10:13 邮箱或密码错误
INFO: 2024/12/14 09:10:28 管理员 admin 登录成功
INFO: 2024/12/14 09:11:16 管理员对 用户ID 1 初始化密码成功
ERROR: 2024/12/14 09:11:27 邮箱或密码错误
ERROR: 2024/12/14 09:12:28 邮箱或密码错误
INFO: 2024/12/14 09:13:00 用户ID 1 登录成功
INFO: 2024/12/14 09:13:00 用户ID 1 查询个人信息成功
INFO: 2024/12/14 09:14:13 登出成功
INFO: 2024/12/14 09:14:20 管理员 admin 登录成功
INFO: 2024/12/14 09:14:58 管理员登出成功
ERROR: 2024/12/14 09:15:14 邮箱或密码错误
ERROR: 2024/12/14 09:15:23 邮箱或密码错误
ERROR: 2024/12/14 09:15:39 邮箱或密码错误
ERROR: 2024/12/14 09:15:45 邮箱或密码错误
INFO: 2024/12/14 09:16:00 管理员 admin 登录成功
INFO: 2024/12/14 09:16:09 管理员获取用户列表成功
INFO: 2024/12/14 09:16:20 管理员对 用户ID 2 初始化密码成功
ERROR: 2024/12/14 09:16:26 邮箱或密码错误
INFO: 2024/12/14 09:16:33 管理员对 用户ID 2 初始化密码成功
INFO: 2024/12/14 09:16:37 管理员获取用户列表成功
ERROR: 2024/12/14 09:16:46 邮箱或密码错误
INFO: 2024/12/14 09:17:15 邮箱 abc@qq.com 注册成功
INFO: 2024/12/14 09:17:25 用户ID 7 登录成功
INFO: 2024/12/14 09:17:25 用户ID 7 获取个人信息成功
INFO: 2024/12/14 09:17:25 菜品列表查询成功
INFO: 2024/12/14 09:17:29 菜品ID 1 查询成功
INFO: 2024/12/14 09:17:29 分类ID 1 查询成功
ERROR: 2024/12/14 09:17:29 列表为空
INFO: 2024/12/14 09:19:33 菜品ID 2 查询成功
INFO: 2024/12/14 09:19:33 分类ID 1 查询成功
ERROR: 2024/12/14 09:19:33 列表为空
INFO: 2024/12/14 09:19:35 菜品ID 2 添加到购物车成功
INFO: 2024/12/14 09:19:38 菜品ID 1 查询成功
INFO: 2024/12/14 09:19:38 分类ID 1 查询成功
ERROR: 2024/12/14 09:19:38 列表为空
INFO: 2024/12/14 09:19:42 菜品ID 1 添加到购物车成功
INFO: 2024/12/14 09:19:44 菜品ID 3 查询成功
ERROR: 2024/12/14 09:19:44 列表为空
INFO: 2024/12/14 09:19:44 分类ID 2 查询成功
INFO: 2024/12/14 09:19:49 菜品ID 3 添加到购物车成功
INFO: 2024/12/14 09:19:56 购物车项列表 获取成功
INFO: 2024/12/14 09:21:38 订单ID 6 创建成功
INFO: 2024/12/14 09:21:38 订单ID 6 的订单项 查找成功
INFO: 2024/12/14 09:21:53 订单ID 6 支付成功
INFO: 2024/12/14 09:21:55 菜品列表查询成功
INFO: 2024/12/14 09:21:59 订单列表 查询成功
ERROR: 2024/12/14 09:22:06 列表为空
INFO: 2024/12/14 09:22:09 登出成功
ERROR: 2024/12/14 09:23:13 邮箱或密码错误
INFO: 2024/12/14 09:23:37 用户ID 1 登录成功
INFO: 2024/12/14 09:23:37 用户ID 1 查询个人信息成功
INFO: 2024/12/14 09:23:39 员工对 订单列表 查询成功
INFO: 2024/12/14 09:23:56 员工对 订单列表 查询成功
INFO: 2024/12/14 09:29:38 登出成功
INFO: 2024/12/14 09:29:46 管理员 admin 登录成功
INFO: 2024/12/14 09:37:56 菜品列表查询成功
INFO: 2024/12/14 09:38:13 用户ID 7 登录成功
INFO: 2024/12/14 09:38:13 用户ID 7 获取个人信息成功
INFO: 2024/12/14 09:38:13 菜品列表查询成功
INFO: 2024/12/14 09:38:16 订单列表 查询成功
ERROR: 2024/12/14 09:38:17 列表为空
INFO: 2024/12/14 09:38:17 订单列表 查询成功
INFO: 2024/12/14 09:38:18 订单ID 6 查询成功
INFO: 2024/12/14 09:38:18 订单ID 6 的订单项 查找成功
INFO: 2024/12/14 09:40:50 订单列表 查询成功
INFO: 2024/12/14 09:40:52 订单ID 6 查询成功
INFO: 2024/12/14 09:40:52 订单ID 6 的订单项 查找成功
INFO: 2024/12/14 09:44:04 订单列表 查询成功
ERROR: 2024/12/14 09:44:05 列表为空
INFO: 2024/12/14 09:48:19 用户ID 7 修改密码成功
INFO: 2024/12/14 09:48:24 登出成功
INFO: 2024/12/14 09:48:44 用户ID 7 登录成功
INFO: 2024/12/14 09:48:44 用户ID 7 获取个人信息成功
INFO: 2024/12/14 09:48:44 菜品列表查询成功
INFO: 2024/12/14 09:49:26 菜品ID 1 查询成功
INFO: 2024/12/14 09:49:26 分类ID 1 查询成功
ERROR: 2024/12/14 09:49:26 列表为空
INFO: 2024/12/14 09:52:13 菜品列表查询成功
ERROR: 2024/12/14 10:06:03 邮箱或密码错误
ERROR: 2024/12/14 10:06:09 邮箱或密码错误
ERROR: 2024/12/14 10:06:09 邮箱或密码错误
ERROR: 2024/12/14 10:06:40 邮箱或密码错误
INFO: 2024/12/14 10:06:59 用户ID 9 登录成功
INFO: 2024/12/14 10:06:59 用户ID 9 获取个人信息成功
INFO: 2024/12/14 10:07:00 菜品列表查询成功
INFO: 2024/12/14 10:07:04 菜品ID 2 查询成功
INFO: 2024/12/14 10:07:05 分类ID 4 查询成功
INFO: 2024/12/14 10:07:05 菜品ID 2 的评价列表 获取成功
INFO: 2024/12/14 10:07:53 菜品ID 2 添加到购物车成功
INFO: 2024/12/14 10:07:56 购物车项列表 获取成功
INFO: 2024/12/14 10:08:09 订单ID 15 创建成功
INFO: 2024/12/14 10:08:09 订单ID 15 的订单项 查找成功
INFO: 2024/12/14 10:08:18 菜品列表查询成功
INFO: 2024/12/14 10:08:20 订单列表 查询成功
INFO: 2024/12/14 10:08:22 订单ID 15 查询成功
INFO: 2024/12/14 10:08:22 订单ID 15 的订单项 查找成功
INFO: 2024/12/14 10:08:25 订单列表 查询成功
INFO: 2024/12/14 10:08:27 订单ID 15 查询成功
INFO: 2024/12/14 10:08:27 订单ID 15 的订单项 查找成功
INFO: 2024/12/14 10:08:34 订单列表 查询成功
INFO: 2024/12/14 10:08:35 购物车项列表 获取成功
INFO: 2024/12/14 10:08:54 订单列表 查询成功
INFO: 2024/12/14 10:08:54 订单ID 15 查询成功
INFO: 2024/12/14 10:08:55 订单ID 15 的订单项 查找成功
INFO: 2024/12/14 10:12:22 购物车项列表 获取成功
INFO: 2024/12/14 10:12:33 订单ID 18 创建成功
INFO: 2024/12/14 10:12:33 订单ID 18 的订单项 查找成功
INFO: 2024/12/14 10:12:37 菜品列表查询成功
INFO: 2024/12/14 10:12:40 订单列表 查询成功
INFO: 2024/12/14 10:12:51 订单ID 18 查询成功
INFO: 2024/12/14 10:12:52 订单ID 18 的订单项 查找成功
INFO: 2024/12/14 10:12:58 购物车项列表 获取成功
INFO: 2024/12/14 10:13:01 订单ID 19 创建成功
INFO: 2024/12/14 10:13:01 订单ID 19 的订单项 查找成功
INFO: 2024/12/14 10:14:27 菜品列表查询成功
INFO: 2024/12/14 10:14:31 菜品列表查询成功
INFO: 2024/12/14 10:14:35 菜品列表查询成功
INFO: 2024/12/14 10:14:39 购物车项列表 获取成功
INFO: 2024/12/14 10:14:42 订单ID 23 创建成功
INFO: 2024/12/14 10:14:42 订单ID 23 的订单项 查找成功
INFO: 2024/12/14 10:14:43 订单ID 23 取消成功
ERROR: 2024/12/14 10:14:46 订单不能重复取消
ERROR: 2024/12/14 10:14:51 订单不能重复取消
INFO: 2024/12/14 10:15:31 订单ID 23 支付成功
INFO: 2024/12/14 10:17:19 菜品列表查询成功
INFO: 2024/12/14 10:17:23 菜品列表查询成功
ERROR: 2024/12/14 10:17:32 邮箱或密码错误
INFO: 2024/12/14 10:17:56 用户ID 9 登录成功
INFO: 2024/12/14 10:17:56 用户ID 9 获取个人信息成功
INFO: 2024/12/14 10:17:56 用户ID 9 登录成功
INFO: 2024/12/14 10:17:56 用户ID 9 获取个人信息成功
INFO: 2024/12/14 10:17:57 菜品列表查询成功
INFO: 2024/12/14 10:17:57 菜品列表查询成功
ERROR: 2024/12/14 10:17:59 列表为空
INFO: 2024/12/14 10:18:02 菜品列表查询成功
INFO: 2024/12/14 10:18:02 菜品ID 2 查询成功
INFO: 2024/12/14 10:18:03 分类ID 4 查询成功
INFO: 2024/12/14 10:18:03 菜品ID 2 的评价列表 获取成功
INFO: 2024/12/14 10:18:04 菜品ID 2 添加到购物车成功
INFO: 2024/12/14 10:18:06 购物车项列表 获取成功
INFO: 2024/12/14 10:18:15 订单ID 24 创建成功
INFO: 2024/12/14 10:18:15 订单ID 24 的订单项 查找成功
INFO: 2024/12/14 10:18:16 订单ID 24 取消成功
ERROR: 2024/12/14 10:18:18 订单状态错误
INFO: 2024/12/14 10:18:20 菜品列表查询成功
